[WARNING 09/May/2023 12:50:33,466 pid: 75763] "GET / HTTP/1.1" 404 2834
[WARNING 09/May/2023 12:50:40,560 pid: 75763] "GET /api/v1/docs HTTP/1.1" 404 2917
[INFO 09/May/2023 12:50:43,839 pid: 75763] "GET /api/v1/docs/ HTTP/1.1" 200 2162
[INFO 09/May/2023 12:50:44,072 pid: 75763] "GET /static/drf-yasg/insQ.min.js HTTP/1.1" 200 2093
[INFO 09/May/2023 12:50:44,073 pid: 75763] "GET /static/drf-yasg/style.css HTTP/1.1" 200 1047
[INFO 09/May/2023 12:50:44,076 pid: 75763] "GET /static/drf-yasg/swagger-ui-init.js HTTP/1.1" 200 14964
[INFO 09/May/2023 12:50:44,078 pid: 75763] "GET /static/drf-yasg/immutable.min.js HTTP/1.1" 200 56904
[INFO 09/May/2023 12:50:44,080 pid: 75763] "GET /static/drf-yasg/swagger-ui-dist/swagger-ui-standalone-preset.js HTTP/1.1" 200 324275
[INFO 09/May/2023 12:50:44,082 pid: 75763] "GET /static/drf-yasg/swagger-ui-dist/swagger-ui.css HTTP/1.1" 200 143858
[INFO 09/May/2023 12:50:44,084 pid: 75763] "GET /static/drf-yasg/swagger-ui-dist/swagger-ui-bundle.js HTTP/1.1" 200 1086481
[INFO 09/May/2023 12:50:44,156 pid: 75763] "GET /static/drf-yasg/swagger-ui-dist/favicon-32x32.png HTTP/1.1" 200 628
[INFO 09/May/2023 12:50:44,216 pid: 75763] "GET /api/v1/docs/?format=openapi HTTP/1.1" 200 4995
[INFO 09/May/2023 12:50:52,934 pid: 75763] "GET /api/v1/cafe/ HTTP/1.1" 200 13087
[INFO 09/May/2023 12:52:08,047 pid: 75763] "POST /api/v1/cafe/ HTTP/1.1" 201 490
[INFO 09/May/2023 12:52:09,829 pid: 75763] "POST /api/v1/cafe/ HTTP/1.1" 201 441
[INFO 09/May/2023 12:52:11,190 pid: 75763] "POST /api/v1/cafe/ HTTP/1.1" 201 764
[INFO 09/May/2023 12:52:12,474 pid: 75763] "POST /api/v1/cafe/ HTTP/1.1" 201 347
[INFO 09/May/2023 12:52:13,710 pid: 75763] "POST /api/v1/cafe/ HTTP/1.1" 201 719
[INFO 09/May/2023 12:52:14,977 pid: 75763] "POST /api/v1/cafe/ HTTP/1.1" 201 495
[WARNING 09/May/2023 12:52:16,024 pid: 75763] "POST /api/v1/cafe/ HTTP/1.1" 400 36
[INFO 09/May/2023 12:52:17,293 pid: 75763] "POST /api/v1/cafe/ HTTP/1.1" 201 701
[INFO 09/May/2023 12:52:18,561 pid: 75763] "POST /api/v1/cafe/ HTTP/1.1" 201 775
[INFO 09/May/2023 12:52:19,829 pid: 75763] "POST /api/v1/cafe/ HTTP/1.1" 201 712
[INFO 09/May/2023 12:52:21,178 pid: 75763] "POST /api/v1/cafe/ HTTP/1.1" 201 757
[INFO 09/May/2023 12:52:22,660 pid: 75763] "POST /api/v1/cafe/ HTTP/1.1" 201 738
[INFO 09/May/2023 12:52:23,986 pid: 75763] "POST /api/v1/cafe/ HTTP/1.1" 201 731
[INFO 09/May/2023 12:52:25,453 pid: 75763] "POST /api/v1/cafe/ HTTP/1.1" 201 602
[INFO 09/May/2023 12:52:26,735 pid: 75763] "POST /api/v1/cafe/ HTTP/1.1" 201 570
[INFO 09/May/2023 12:52:28,162 pid: 75763] "POST /api/v1/cafe/ HTTP/1.1" 201 773
[INFO 09/May/2023 12:52:29,446 pid: 75763] "POST /api/v1/cafe/ HTTP/1.1" 201 484
[INFO 09/May/2023 12:52:30,755 pid: 75763] "POST /api/v1/cafe/ HTTP/1.1" 201 507
[INFO 09/May/2023 12:52:32,169 pid: 75763] "POST /api/v1/cafe/ HTTP/1.1" 201 456
[INFO 09/May/2023 12:52:33,492 pid: 75763] "POST /api/v1/cafe/ HTTP/1.1" 201 383
[INFO 09/May/2023 12:52:34,755 pid: 75763] "POST /api/v1/cafe/ HTTP/1.1" 201 695
[INFO 09/May/2023 12:52:36,058 pid: 75763] "POST /api/v1/cafe/ HTTP/1.1" 201 573
[INFO 09/May/2023 12:52:37,406 pid: 75763] "POST /api/v1/cafe/ HTTP/1.1" 201 616
[INFO 09/May/2023 12:52:38,697 pid: 75763] "POST /api/v1/cafe/ HTTP/1.1" 201 719
[INFO 09/May/2023 12:52:40,396 pid: 75763] "POST /api/v1/cafe/ HTTP/1.1" 201 649
[INFO 09/May/2023 12:52:41,699 pid: 75763] "POST /api/v1/cafe/ HTTP/1.1" 201 579
[INFO 09/May/2023 12:52:43,135 pid: 75763] "POST /api/v1/cafe/ HTTP/1.1" 201 691
[INFO 09/May/2023 12:52:44,613 pid: 75763] "POST /api/v1/cafe/ HTTP/1.1" 201 752
[INFO 09/May/2023 12:52:45,846 pid: 75763] "POST /api/v1/cafe/ HTTP/1.1" 201 724
[INFO 09/May/2023 12:52:47,061 pid: 75763] "POST /api/v1/cafe/ HTTP/1.1" 201 691
[INFO 09/May/2023 12:52:48,316 pid: 75763] "POST /api/v1/cafe/ HTTP/1.1" 201 733
[INFO 09/May/2023 12:52:49,640 pid: 75763] "POST /api/v1/cafe/ HTTP/1.1" 201 565
[INFO 09/May/2023 12:52:50,937 pid: 75763] "POST /api/v1/cafe/ HTTP/1.1" 201 775
[INFO 09/May/2023 12:52:52,204 pid: 75763] "POST /api/v1/cafe/ HTTP/1.1" 201 670
[INFO 09/May/2023 12:52:53,467 pid: 75763] "POST /api/v1/cafe/ HTTP/1.1" 201 664
[INFO 09/May/2023 12:52:54,714 pid: 75763] "POST /api/v1/cafe/ HTTP/1.1" 201 434
[WARNING 09/May/2023 12:52:55,768 pid: 75763] "POST /api/v1/cafe/ HTTP/1.1" 400 45
[INFO 09/May/2023 12:52:57,143 pid: 75763] "POST /api/v1/cafe/ HTTP/1.1" 201 499
[INFO 09/May/2023 12:52:58,382 pid: 75763] "POST /api/v1/cafe/ HTTP/1.1" 201 765
[INFO 09/May/2023 12:52:59,704 pid: 75763] "POST /api/v1/cafe/ HTTP/1.1" 201 714
[INFO 09/May/2023 12:53:01,019 pid: 75763] "POST /api/v1/cafe/ HTTP/1.1" 201 424
[INFO 09/May/2023 12:53:02,338 pid: 75763] "POST /api/v1/cafe/ HTTP/1.1" 201 466
[INFO 09/May/2023 12:53:03,620 pid: 75763] "POST /api/v1/cafe/ HTTP/1.1" 201 643
[INFO 09/May/2023 12:53:04,875 pid: 75763] "POST /api/v1/cafe/ HTTP/1.1" 201 394
[INFO 09/May/2023 12:53:06,243 pid: 75763] "POST /api/v1/cafe/ HTTP/1.1" 201 708
[INFO 09/May/2023 12:53:07,636 pid: 75763] "POST /api/v1/cafe/ HTTP/1.1" 201 714
[INFO 09/May/2023 12:53:09,009 pid: 75763] "POST /api/v1/cafe/ HTTP/1.1" 201 723
[INFO 09/May/2023 12:53:10,376 pid: 75763] "POST /api/v1/cafe/ HTTP/1.1" 201 438
[INFO 09/May/2023 12:53:11,820 pid: 75763] "POST /api/v1/cafe/ HTTP/1.1" 201 744
[INFO 09/May/2023 12:53:13,092 pid: 75763] "POST /api/v1/cafe/ HTTP/1.1" 201 655
[INFO 09/May/2023 12:53:14,323 pid: 75763] "POST /api/v1/cafe/ HTTP/1.1" 201 729
[INFO 09/May/2023 12:53:15,595 pid: 75763] "POST /api/v1/cafe/ HTTP/1.1" 201 766
[INFO 09/May/2023 12:53:16,922 pid: 75763] "POST /api/v1/cafe/ HTTP/1.1" 201 775
[INFO 09/May/2023 12:53:18,493 pid: 75763] "POST /api/v1/cafe/ HTTP/1.1" 201 748
[WARNING 09/May/2023 12:53:19,532 pid: 75763] "POST /api/v1/cafe/ HTTP/1.1" 400 45
[INFO 09/May/2023 12:53:20,933 pid: 75763] "POST /api/v1/cafe/ HTTP/1.1" 201 732
[INFO 09/May/2023 12:53:22,193 pid: 75763] "POST /api/v1/cafe/ HTTP/1.1" 201 839
[INFO 09/May/2023 12:53:23,466 pid: 75763] "POST /api/v1/cafe/ HTTP/1.1" 201 650
[INFO 09/May/2023 12:53:24,677 pid: 75763] "POST /api/v1/cafe/ HTTP/1.1" 201 421
[INFO 09/May/2023 12:53:25,923 pid: 75763] "POST /api/v1/cafe/ HTTP/1.1" 201 420
[INFO 09/May/2023 12:53:27,223 pid: 75763] "POST /api/v1/cafe/ HTTP/1.1" 201 388
[INFO 09/May/2023 12:53:28,658 pid: 75763] "POST /api/v1/cafe/ HTTP/1.1" 201 411
[INFO 09/May/2023 12:53:29,908 pid: 75763] "POST /api/v1/cafe/ HTTP/1.1" 201 523
[INFO 09/May/2023 12:53:31,196 pid: 75763] "POST /api/v1/cafe/ HTTP/1.1" 201 335
[INFO 09/May/2023 12:53:32,459 pid: 75763] "POST /api/v1/cafe/ HTTP/1.1" 201 350
[INFO 09/May/2023 12:53:33,771 pid: 75763] "POST /api/v1/cafe/ HTTP/1.1" 201 347
[INFO 09/May/2023 12:53:35,231 pid: 75763] "POST /api/v1/cafe/ HTTP/1.1" 201 429
[INFO 09/May/2023 12:53:36,542 pid: 75763] "POST /api/v1/cafe/ HTTP/1.1" 201 336
[INFO 09/May/2023 12:53:37,900 pid: 75763] "POST /api/v1/cafe/ HTTP/1.1" 201 375
[INFO 09/May/2023 12:53:39,231 pid: 75763] "POST /api/v1/cafe/ HTTP/1.1" 201 499
[INFO 09/May/2023 12:53:40,454 pid: 75763] "POST /api/v1/cafe/ HTTP/1.1" 201 360
[INFO 09/May/2023 12:53:41,649 pid: 75763] "POST /api/v1/cafe/ HTTP/1.1" 201 403
[INFO 09/May/2023 12:53:42,898 pid: 75763] "POST /api/v1/cafe/ HTTP/1.1" 201 369
[INFO 09/May/2023 12:53:44,153 pid: 75763] "POST /api/v1/cafe/ HTTP/1.1" 201 348
[INFO 09/May/2023 12:53:45,348 pid: 75763] "POST /api/v1/cafe/ HTTP/1.1" 201 338
[WARNING 09/May/2023 12:53:46,405 pid: 75763] "POST /api/v1/cafe/ HTTP/1.1" 400 36
[INFO 09/May/2023 12:53:47,662 pid: 75763] "POST /api/v1/cafe/ HTTP/1.1" 201 391
[INFO 09/May/2023 12:53:48,902 pid: 75763] "POST /api/v1/cafe/ HTTP/1.1" 201 404
[INFO 09/May/2023 12:53:50,219 pid: 75763] "POST /api/v1/cafe/ HTTP/1.1" 201 426
[INFO 09/May/2023 12:53:51,530 pid: 75763] "POST /api/v1/cafe/ HTTP/1.1" 201 379
[INFO 09/May/2023 12:53:52,765 pid: 75763] "POST /api/v1/cafe/ HTTP/1.1" 201 362
[ERROR 09/May/2023 12:53:54,054 pid: 75763] "POST /api/v1/cafe/ HTTP/1.1" 500 294339
[WARNING 09/May/2023 12:53:55,134 pid: 75763] "POST /api/v1/cafe/ HTTP/1.1" 400 45
[WARNING 09/May/2023 12:53:56,174 pid: 75763] "POST /api/v1/cafe/ HTTP/1.1" 400 45
[INFO 09/May/2023 12:53:57,421 pid: 75763] "POST /api/v1/cafe/ HTTP/1.1" 201 337
[INFO 09/May/2023 12:53:58,668 pid: 75763] "POST /api/v1/cafe/ HTTP/1.1" 201 366
[INFO 09/May/2023 12:54:00,029 pid: 75763] "POST /api/v1/cafe/ HTTP/1.1" 201 440
[INFO 09/May/2023 12:54:01,480 pid: 75763] "POST /api/v1/cafe/ HTTP/1.1" 201 420
[INFO 09/May/2023 12:54:02,823 pid: 75763] "POST /api/v1/cafe/ HTTP/1.1" 201 365
[WARNING 09/May/2023 12:54:03,868 pid: 75763] "POST /api/v1/cafe/ HTTP/1.1" 400 45
[INFO 09/May/2023 12:54:05,069 pid: 75763] "POST /api/v1/cafe/ HTTP/1.1" 201 307
[INFO 09/May/2023 12:54:06,391 pid: 75763] "POST /api/v1/cafe/ HTTP/1.1" 201 459
[INFO 09/May/2023 12:54:07,634 pid: 75763] "POST /api/v1/cafe/ HTTP/1.1" 201 369
[INFO 09/May/2023 12:54:08,966 pid: 75763] "POST /api/v1/cafe/ HTTP/1.1" 201 351
[INFO 09/May/2023 12:54:10,185 pid: 75763] "POST /api/v1/cafe/ HTTP/1.1" 201 359
[INFO 09/May/2023 12:54:11,565 pid: 75763] "POST /api/v1/cafe/ HTTP/1.1" 201 375
[INFO 09/May/2023 12:54:13,025 pid: 75763] "POST /api/v1/cafe/ HTTP/1.1" 201 419
[INFO 09/May/2023 12:54:14,278 pid: 75763] "POST /api/v1/cafe/ HTTP/1.1" 201 452
[INFO 09/May/2023 12:54:15,562 pid: 75763] "POST /api/v1/cafe/ HTTP/1.1" 201 389
[WARNING 09/May/2023 12:54:16,601 pid: 75763] "POST /api/v1/cafe/ HTTP/1.1" 400 45
[INFO 09/May/2023 12:54:18,528 pid: 75763] "POST /api/v1/cafe/ HTTP/1.1" 201 414
[WARNING 09/May/2023 12:54:19,572 pid: 75763] "POST /api/v1/cafe/ HTTP/1.1" 400 45
[INFO 09/May/2023 12:54:20,837 pid: 75763] "POST /api/v1/cafe/ HTTP/1.1" 201 348
[WARNING 09/May/2023 12:54:21,887 pid: 75763] "POST /api/v1/cafe/ HTTP/1.1" 400 45
[INFO 09/May/2023 12:54:23,086 pid: 75763] "POST /api/v1/cafe/ HTTP/1.1" 201 341
[INFO 09/May/2023 12:54:24,342 pid: 75763] "POST /api/v1/cafe/ HTTP/1.1" 201 363
[INFO 09/May/2023 12:54:25,595 pid: 75763] "POST /api/v1/cafe/ HTTP/1.1" 201 459
[WARNING 09/May/2023 12:54:26,657 pid: 75763] "POST /api/v1/cafe/ HTTP/1.1" 400 45
[INFO 09/May/2023 12:54:28,262 pid: 75763] "POST /api/v1/cafe/ HTTP/1.1" 201 379
[INFO 09/May/2023 12:54:29,481 pid: 75763] "POST /api/v1/cafe/ HTTP/1.1" 201 313
[INFO 09/May/2023 12:54:30,708 pid: 75763] "POST /api/v1/cafe/ HTTP/1.1" 201 385
[INFO 09/May/2023 12:54:31,925 pid: 75763] "POST /api/v1/cafe/ HTTP/1.1" 201 482
[INFO 09/May/2023 12:54:33,153 pid: 75763] "POST /api/v1/cafe/ HTTP/1.1" 201 349
[INFO 09/May/2023 12:54:34,479 pid: 75763] "POST /api/v1/cafe/ HTTP/1.1" 201 407
[INFO 09/May/2023 12:54:35,766 pid: 75763] "POST /api/v1/cafe/ HTTP/1.1" 201 426
[WARNING 09/May/2023 12:54:36,794 pid: 75763] "POST /api/v1/cafe/ HTTP/1.1" 400 45
[INFO 09/May/2023 12:54:38,047 pid: 75763] "POST /api/v1/cafe/ HTTP/1.1" 201 324
[INFO 09/May/2023 12:54:39,329 pid: 75763] "POST /api/v1/cafe/ HTTP/1.1" 201 356
[WARNING 09/May/2023 12:54:40,376 pid: 75763] "POST /api/v1/cafe/ HTTP/1.1" 400 45
[INFO 09/May/2023 12:54:41,782 pid: 75763] "POST /api/v1/cafe/ HTTP/1.1" 201 422
[INFO 09/May/2023 12:54:43,271 pid: 75763] "POST /api/v1/cafe/ HTTP/1.1" 201 366
[INFO 09/May/2023 12:54:44,881 pid: 75763] "POST /api/v1/cafe/ HTTP/1.1" 201 417
[INFO 09/May/2023 12:54:46,125 pid: 75763] "POST /api/v1/cafe/ HTTP/1.1" 201 470
[INFO 09/May/2023 12:54:47,363 pid: 75763] "POST /api/v1/cafe/ HTTP/1.1" 201 325
[WARNING 09/May/2023 12:54:48,397 pid: 75763] "POST /api/v1/cafe/ HTTP/1.1" 400 45
[INFO 09/May/2023 12:57:51,751 pid: 75763] "POST /api/v1/cafe/ HTTP/1.1" 201 490
[INFO 09/May/2023 12:57:53,112 pid: 75763] "POST /api/v1/cafe/ HTTP/1.1" 201 441
[INFO 09/May/2023 12:57:54,543 pid: 75763] "POST /api/v1/cafe/ HTTP/1.1" 201 764
[INFO 09/May/2023 12:57:55,776 pid: 75763] "POST /api/v1/cafe/ HTTP/1.1" 201 347
[INFO 09/May/2023 12:58:02,063 pid: 75763] "POST /api/v1/cafe/ HTTP/1.1" 201 719
[INFO 09/May/2023 12:58:07,262 pid: 75763] "POST /api/v1/cafe/ HTTP/1.1" 201 495
[WARNING 09/May/2023 12:58:12,616 pid: 75763] "POST /api/v1/cafe/ HTTP/1.1" 400 36
[INFO 09/May/2023 12:58:16,246 pid: 75763] "POST /api/v1/cafe/ HTTP/1.1" 201 701
[INFO 09/May/2023 12:58:29,010 pid: 75763] "POST /api/v1/cafe/ HTTP/1.1" 201 775
[INFO 09/May/2023 12:58:30,299 pid: 75763] "POST /api/v1/cafe/ HTTP/1.1" 201 712
[INFO 09/May/2023 12:58:31,575 pid: 75763] "POST /api/v1/cafe/ HTTP/1.1" 201 757
[INFO 09/May/2023 12:58:32,925 pid: 75763] "POST /api/v1/cafe/ HTTP/1.1" 201 738
[INFO 09/May/2023 12:58:34,582 pid: 75763] "POST /api/v1/cafe/ HTTP/1.1" 201 731
[INFO 09/May/2023 12:58:36,242 pid: 75763] "POST /api/v1/cafe/ HTTP/1.1" 201 602
[INFO 09/May/2023 12:58:37,548 pid: 75763] "POST /api/v1/cafe/ HTTP/1.1" 201 570
[INFO 09/May/2023 12:58:38,895 pid: 75763] "POST /api/v1/cafe/ HTTP/1.1" 201 773
[INFO 09/May/2023 12:58:40,137 pid: 75763] "POST /api/v1/cafe/ HTTP/1.1" 201 484
[INFO 09/May/2023 12:58:41,390 pid: 75763] "POST /api/v1/cafe/ HTTP/1.1" 201 507
[INFO 09/May/2023 12:58:43,006 pid: 75763] "POST /api/v1/cafe/ HTTP/1.1" 201 456
[INFO 09/May/2023 12:58:44,306 pid: 75763] "POST /api/v1/cafe/ HTTP/1.1" 201 383
[INFO 09/May/2023 12:58:45,656 pid: 75763] "POST /api/v1/cafe/ HTTP/1.1" 201 695
[INFO 09/May/2023 12:58:46,969 pid: 75763] "POST /api/v1/cafe/ HTTP/1.1" 201 573
[INFO 09/May/2023 12:58:48,346 pid: 75763] "POST /api/v1/cafe/ HTTP/1.1" 201 616
[INFO 09/May/2023 12:58:49,629 pid: 75763] "POST /api/v1/cafe/ HTTP/1.1" 201 719
[INFO 09/May/2023 12:58:50,941 pid: 75763] "POST /api/v1/cafe/ HTTP/1.1" 201 649
[INFO 09/May/2023 12:58:52,190 pid: 75763] "POST /api/v1/cafe/ HTTP/1.1" 201 579
[INFO 09/May/2023 12:58:53,566 pid: 75763] "POST /api/v1/cafe/ HTTP/1.1" 201 691
[INFO 09/May/2023 12:58:54,931 pid: 75763] "POST /api/v1/cafe/ HTTP/1.1" 201 752
[INFO 09/May/2023 12:58:56,208 pid: 75763] "POST /api/v1/cafe/ HTTP/1.1" 201 724
[INFO 09/May/2023 12:58:57,468 pid: 75763] "POST /api/v1/cafe/ HTTP/1.1" 201 691
[INFO 09/May/2023 12:58:58,761 pid: 75763] "POST /api/v1/cafe/ HTTP/1.1" 201 733
[INFO 09/May/2023 12:59:00,291 pid: 75763] "POST /api/v1/cafe/ HTTP/1.1" 201 565
[INFO 09/May/2023 12:59:01,561 pid: 75763] "POST /api/v1/cafe/ HTTP/1.1" 201 775
[INFO 09/May/2023 12:59:02,866 pid: 75763] "POST /api/v1/cafe/ HTTP/1.1" 201 670
[INFO 09/May/2023 12:59:04,112 pid: 75763] "POST /api/v1/cafe/ HTTP/1.1" 201 664
[INFO 09/May/2023 12:59:05,444 pid: 75763] "POST /api/v1/cafe/ HTTP/1.1" 201 434
[WARNING 09/May/2023 12:59:06,497 pid: 75763] "POST /api/v1/cafe/ HTTP/1.1" 400 45
[INFO 09/May/2023 12:59:08,045 pid: 75763] "POST /api/v1/cafe/ HTTP/1.1" 201 499
[INFO 09/May/2023 12:59:09,370 pid: 75763] "POST /api/v1/cafe/ HTTP/1.1" 201 765
[INFO 09/May/2023 12:59:10,688 pid: 75763] "POST /api/v1/cafe/ HTTP/1.1" 201 714
[INFO 09/May/2023 12:59:12,033 pid: 75763] "POST /api/v1/cafe/ HTTP/1.1" 201 424
[INFO 09/May/2023 12:59:13,303 pid: 75763] "POST /api/v1/cafe/ HTTP/1.1" 201 466
[INFO 09/May/2023 12:59:14,667 pid: 75763] "POST /api/v1/cafe/ HTTP/1.1" 201 643
[INFO 09/May/2023 12:59:15,989 pid: 75763] "POST /api/v1/cafe/ HTTP/1.1" 201 394
[INFO 09/May/2023 12:59:17,331 pid: 75763] "POST /api/v1/cafe/ HTTP/1.1" 201 708
[INFO 09/May/2023 12:59:18,789 pid: 75763] "POST /api/v1/cafe/ HTTP/1.1" 201 714
[INFO 09/May/2023 12:59:20,154 pid: 75763] "POST /api/v1/cafe/ HTTP/1.1" 201 723
[INFO 09/May/2023 12:59:21,576 pid: 75763] "POST /api/v1/cafe/ HTTP/1.1" 201 438
[INFO 09/May/2023 12:59:23,050 pid: 75763] "POST /api/v1/cafe/ HTTP/1.1" 201 744
[INFO 09/May/2023 12:59:24,396 pid: 75763] "POST /api/v1/cafe/ HTTP/1.1" 201 655
[INFO 09/May/2023 12:59:25,759 pid: 75763] "POST /api/v1/cafe/ HTTP/1.1" 201 729
[INFO 09/May/2023 12:59:27,080 pid: 75763] "POST /api/v1/cafe/ HTTP/1.1" 201 766
[INFO 09/May/2023 12:59:28,399 pid: 75763] "POST /api/v1/cafe/ HTTP/1.1" 201 775
[INFO 09/May/2023 12:59:29,978 pid: 75763] "POST /api/v1/cafe/ HTTP/1.1" 201 748
[WARNING 09/May/2023 12:59:31,041 pid: 75763] "POST /api/v1/cafe/ HTTP/1.1" 400 45
[INFO 09/May/2023 12:59:32,525 pid: 75763] "POST /api/v1/cafe/ HTTP/1.1" 201 732
[INFO 09/May/2023 12:59:33,805 pid: 75763] "POST /api/v1/cafe/ HTTP/1.1" 201 839
[INFO 09/May/2023 12:59:35,139 pid: 75763] "POST /api/v1/cafe/ HTTP/1.1" 201 650
[INFO 09/May/2023 12:59:36,386 pid: 75763] "POST /api/v1/cafe/ HTTP/1.1" 201 421
[INFO 09/May/2023 12:59:37,648 pid: 75763] "POST /api/v1/cafe/ HTTP/1.1" 201 420
[INFO 09/May/2023 12:59:38,991 pid: 75763] "POST /api/v1/cafe/ HTTP/1.1" 201 388
[INFO 09/May/2023 12:59:40,247 pid: 75763] "POST /api/v1/cafe/ HTTP/1.1" 201 411
[INFO 09/May/2023 12:59:41,490 pid: 75763] "POST /api/v1/cafe/ HTTP/1.1" 201 523
[INFO 09/May/2023 12:59:42,775 pid: 75763] "POST /api/v1/cafe/ HTTP/1.1" 201 335
[INFO 09/May/2023 12:59:43,985 pid: 75763] "POST /api/v1/cafe/ HTTP/1.1" 201 350
[INFO 09/May/2023 12:59:45,298 pid: 75763] "POST /api/v1/cafe/ HTTP/1.1" 201 347
[INFO 09/May/2023 12:59:46,799 pid: 75763] "POST /api/v1/cafe/ HTTP/1.1" 201 429
[INFO 09/May/2023 12:59:48,025 pid: 75763] "POST /api/v1/cafe/ HTTP/1.1" 201 336
[INFO 09/May/2023 12:59:49,351 pid: 75763] "POST /api/v1/cafe/ HTTP/1.1" 201 375
[INFO 09/May/2023 12:59:50,601 pid: 75763] "POST /api/v1/cafe/ HTTP/1.1" 201 499
[INFO 09/May/2023 12:59:51,821 pid: 75763] "POST /api/v1/cafe/ HTTP/1.1" 201 360
[INFO 09/May/2023 12:59:53,215 pid: 75763] "POST /api/v1/cafe/ HTTP/1.1" 201 403
[INFO 09/May/2023 12:59:54,480 pid: 75763] "POST /api/v1/cafe/ HTTP/1.1" 201 369
[INFO 09/May/2023 12:59:55,759 pid: 75763] "POST /api/v1/cafe/ HTTP/1.1" 201 348
[INFO 09/May/2023 12:59:56,945 pid: 75763] "POST /api/v1/cafe/ HTTP/1.1" 201 338
[WARNING 09/May/2023 12:59:57,983 pid: 75763] "POST /api/v1/cafe/ HTTP/1.1" 400 36
[INFO 09/May/2023 12:59:59,188 pid: 75763] "POST /api/v1/cafe/ HTTP/1.1" 201 391
[INFO 09/May/2023 13:00:00,447 pid: 75763] "POST /api/v1/cafe/ HTTP/1.1" 201 404
[INFO 09/May/2023 13:00:01,673 pid: 75763] "POST /api/v1/cafe/ HTTP/1.1" 201 426
[INFO 09/May/2023 13:00:02,929 pid: 75763] "POST /api/v1/cafe/ HTTP/1.1" 201 379
[INFO 09/May/2023 13:00:04,135 pid: 75763] "POST /api/v1/cafe/ HTTP/1.1" 201 362
[ERROR 09/May/2023 13:00:05,469 pid: 75763] "POST /api/v1/cafe/ HTTP/1.1" 500 294340
[WARNING 09/May/2023 13:00:06,534 pid: 75763] "POST /api/v1/cafe/ HTTP/1.1" 400 45
[WARNING 09/May/2023 13:00:07,598 pid: 75763] "POST /api/v1/cafe/ HTTP/1.1" 400 45
[INFO 09/May/2023 13:00:08,845 pid: 75763] "POST /api/v1/cafe/ HTTP/1.1" 201 337
[INFO 09/May/2023 13:00:10,075 pid: 75763] "POST /api/v1/cafe/ HTTP/1.1" 201 366
[INFO 09/May/2023 13:00:11,346 pid: 75763] "POST /api/v1/cafe/ HTTP/1.1" 201 440
[INFO 09/May/2023 13:00:12,926 pid: 75763] "POST /api/v1/cafe/ HTTP/1.1" 201 420
[INFO 09/May/2023 13:00:14,210 pid: 75763] "POST /api/v1/cafe/ HTTP/1.1" 201 365
[WARNING 09/May/2023 13:00:15,242 pid: 75763] "POST /api/v1/cafe/ HTTP/1.1" 400 45
[INFO 09/May/2023 13:00:16,441 pid: 75763] "POST /api/v1/cafe/ HTTP/1.1" 201 307
[INFO 09/May/2023 13:00:17,639 pid: 75763] "POST /api/v1/cafe/ HTTP/1.1" 201 459
[INFO 09/May/2023 13:00:18,873 pid: 75763] "POST /api/v1/cafe/ HTTP/1.1" 201 369
[INFO 09/May/2023 13:00:20,141 pid: 75763] "POST /api/v1/cafe/ HTTP/1.1" 201 351
[INFO 09/May/2023 13:00:21,385 pid: 75763] "POST /api/v1/cafe/ HTTP/1.1" 201 359
[INFO 09/May/2023 13:00:22,861 pid: 75763] "POST /api/v1/cafe/ HTTP/1.1" 201 375
[INFO 09/May/2023 13:00:24,216 pid: 75763] "POST /api/v1/cafe/ HTTP/1.1" 201 419
[INFO 09/May/2023 13:00:25,473 pid: 75763] "POST /api/v1/cafe/ HTTP/1.1" 201 452
[INFO 09/May/2023 13:00:26,758 pid: 75763] "POST /api/v1/cafe/ HTTP/1.1" 201 389
[WARNING 09/May/2023 13:00:27,805 pid: 75763] "POST /api/v1/cafe/ HTTP/1.1" 400 45
[INFO 09/May/2023 13:00:31,511 pid: 75763] "POST /api/v1/cafe/ HTTP/1.1" 201 414
[WARNING 09/May/2023 13:00:32,530 pid: 75763] "POST /api/v1/cafe/ HTTP/1.1" 400 45
[INFO 09/May/2023 13:00:34,040 pid: 75763] "POST /api/v1/cafe/ HTTP/1.1" 201 348
[WARNING 09/May/2023 13:00:35,069 pid: 75763] "POST /api/v1/cafe/ HTTP/1.1" 400 45
[INFO 09/May/2023 13:00:36,310 pid: 75763] "POST /api/v1/cafe/ HTTP/1.1" 201 341
[INFO 09/May/2023 13:00:37,657 pid: 75763] "POST /api/v1/cafe/ HTTP/1.1" 201 363
[INFO 09/May/2023 13:00:38,940 pid: 75763] "POST /api/v1/cafe/ HTTP/1.1" 201 459
[WARNING 09/May/2023 13:00:39,976 pid: 75763] "POST /api/v1/cafe/ HTTP/1.1" 400 45
[INFO 09/May/2023 13:00:41,250 pid: 75763] "POST /api/v1/cafe/ HTTP/1.1" 201 379
[INFO 09/May/2023 13:00:42,473 pid: 75763] "POST /api/v1/cafe/ HTTP/1.1" 201 313
[INFO 09/May/2023 13:00:43,813 pid: 75763] "POST /api/v1/cafe/ HTTP/1.1" 201 385
[INFO 09/May/2023 13:00:45,014 pid: 75763] "POST /api/v1/cafe/ HTTP/1.1" 201 482
[INFO 09/May/2023 13:00:46,333 pid: 75763] "POST /api/v1/cafe/ HTTP/1.1" 201 349
[INFO 09/May/2023 13:00:47,594 pid: 75763] "POST /api/v1/cafe/ HTTP/1.1" 201 407
[INFO 09/May/2023 13:00:48,911 pid: 75763] "POST /api/v1/cafe/ HTTP/1.1" 201 426
[WARNING 09/May/2023 13:00:49,955 pid: 75763] "POST /api/v1/cafe/ HTTP/1.1" 400 45
[INFO 09/May/2023 13:00:51,151 pid: 75763] "POST /api/v1/cafe/ HTTP/1.1" 201 324
[INFO 09/May/2023 13:00:52,419 pid: 75763] "POST /api/v1/cafe/ HTTP/1.1" 201 356
[WARNING 09/May/2023 13:00:53,460 pid: 75763] "POST /api/v1/cafe/ HTTP/1.1" 400 45
[INFO 09/May/2023 13:00:54,824 pid: 75763] "POST /api/v1/cafe/ HTTP/1.1" 201 422
[INFO 09/May/2023 13:00:56,038 pid: 75763] "POST /api/v1/cafe/ HTTP/1.1" 201 366
[INFO 09/May/2023 13:00:57,417 pid: 75763] "POST /api/v1/cafe/ HTTP/1.1" 201 417
[INFO 09/May/2023 13:00:58,682 pid: 75763] "POST /api/v1/cafe/ HTTP/1.1" 201 470
[INFO 09/May/2023 13:00:59,934 pid: 75763] "POST /api/v1/cafe/ HTTP/1.1" 201 325
[WARNING 09/May/2023 13:01:00,991 pid: 75763] "POST /api/v1/cafe/ HTTP/1.1" 400 45
[INFO 09/May/2023 13:01:02,420 pid: 75763] "POST /api/v1/cafe/ HTTP/1.1" 201 349
[INFO 09/May/2023 13:01:03,674 pid: 75763] "POST /api/v1/cafe/ HTTP/1.1" 201 353
[INFO 09/May/2023 13:01:04,927 pid: 75763] "POST /api/v1/cafe/ HTTP/1.1" 201 401
[INFO 09/May/2023 13:01:06,228 pid: 75763] "POST /api/v1/cafe/ HTTP/1.1" 201 329
[INFO 09/May/2023 13:01:07,811 pid: 75763] - Broken pipe from ('127.0.0.1', 55592)
[INFO 09/May/2023 13:01:11,954 pid: 75763] "POST /api/v1/cafe/ HTTP/1.1" 201 423
[INFO 09/May/2023 13:01:13,236 pid: 75763] "POST /api/v1/cafe/ HTTP/1.1" 201 387
[ERROR 09/May/2023 13:01:14,539 pid: 75763] "POST /api/v1/cafe/ HTTP/1.1" 500 292163
[INFO 09/May/2023 13:01:15,791 pid: 75763] "POST /api/v1/cafe/ HTTP/1.1" 201 340
[INFO 09/May/2023 13:01:17,051 pid: 75763] "POST /api/v1/cafe/ HTTP/1.1" 201 474
[INFO 09/May/2023 13:01:18,239 pid: 75763] "POST /api/v1/cafe/ HTTP/1.1" 201 428
[INFO 09/May/2023 13:01:19,449 pid: 75763] "POST /api/v1/cafe/ HTTP/1.1" 201 390
[INFO 09/May/2023 13:01:20,719 pid: 75763] "POST /api/v1/cafe/ HTTP/1.1" 201 396
[INFO 09/May/2023 13:01:22,067 pid: 75763] "POST /api/v1/cafe/ HTTP/1.1" 201 395
[INFO 09/May/2023 13:01:23,361 pid: 75763] "POST /api/v1/cafe/ HTTP/1.1" 201 405
[INFO 09/May/2023 13:01:24,723 pid: 75763] "POST /api/v1/cafe/ HTTP/1.1" 201 417
[INFO 09/May/2023 13:01:26,026 pid: 75763] "POST /api/v1/cafe/ HTTP/1.1" 201 431
[INFO 09/May/2023 13:01:27,298 pid: 75763] "POST /api/v1/cafe/ HTTP/1.1" 201 397
[INFO 09/May/2023 13:01:28,545 pid: 75763] "POST /api/v1/cafe/ HTTP/1.1" 201 405
[INFO 09/May/2023 13:01:29,724 pid: 75763] "POST /api/v1/cafe/ HTTP/1.1" 201 389
[INFO 09/May/2023 13:01:31,137 pid: 75763] "POST /api/v1/cafe/ HTTP/1.1" 201 378
[INFO 09/May/2023 13:01:32,365 pid: 75763] "POST /api/v1/cafe/ HTTP/1.1" 201 374
[INFO 09/May/2023 13:01:33,713 pid: 75763] "POST /api/v1/cafe/ HTTP/1.1" 201 417
[WARNING 09/May/2023 13:01:34,750 pid: 75763] "POST /api/v1/cafe/ HTTP/1.1" 400 45
[INFO 09/May/2023 13:01:35,945 pid: 75763] "POST /api/v1/cafe/ HTTP/1.1" 201 360
[INFO 09/May/2023 13:01:37,391 pid: 75763] "POST /api/v1/cafe/ HTTP/1.1" 201 425
[INFO 09/May/2023 13:01:38,654 pid: 75763] "POST /api/v1/cafe/ HTTP/1.1" 201 448
[INFO 09/May/2023 13:01:39,892 pid: 75763] "POST /api/v1/cafe/ HTTP/1.1" 201 389
[INFO 09/May/2023 13:01:41,060 pid: 75763] "POST /api/v1/cafe/ HTTP/1.1" 201 407
[INFO 09/May/2023 13:01:42,265 pid: 75763] "POST /api/v1/cafe/ HTTP/1.1" 201 496
[INFO 09/May/2023 13:01:43,552 pid: 75763] "POST /api/v1/cafe/ HTTP/1.1" 201 366
[INFO 09/May/2023 13:01:44,854 pid: 75763] "POST /api/v1/cafe/ HTTP/1.1" 201 407
[INFO 09/May/2023 13:01:46,185 pid: 75763] "POST /api/v1/cafe/ HTTP/1.1" 201 406
[INFO 09/May/2023 13:01:47,457 pid: 75763] "POST /api/v1/cafe/ HTTP/1.1" 201 355
[INFO 09/May/2023 13:01:48,740 pid: 75763] "POST /api/v1/cafe/ HTTP/1.1" 201 368
[INFO 09/May/2023 13:01:50,018 pid: 75763] "POST /api/v1/cafe/ HTTP/1.1" 201 412
[INFO 09/May/2023 13:01:51,260 pid: 75763] "POST /api/v1/cafe/ HTTP/1.1" 201 351
[INFO 09/May/2023 13:01:52,717 pid: 75763] "POST /api/v1/cafe/ HTTP/1.1" 201 372
[INFO 09/May/2023 13:01:54,094 pid: 75763] "POST /api/v1/cafe/ HTTP/1.1" 201 397
[INFO 09/May/2023 13:01:55,355 pid: 75763] "POST /api/v1/cafe/ HTTP/1.1" 201 442
[INFO 09/May/2023 13:01:56,581 pid: 75763] "POST /api/v1/cafe/ HTTP/1.1" 201 344
[INFO 09/May/2023 13:01:58,035 pid: 75763] "POST /api/v1/cafe/ HTTP/1.1" 201 400
[INFO 09/May/2023 13:01:59,273 pid: 75763] "POST /api/v1/cafe/ HTTP/1.1" 201 345
[INFO 09/May/2023 13:02:00,549 pid: 75763] "POST /api/v1/cafe/ HTTP/1.1" 201 386
[INFO 09/May/2023 13:02:01,941 pid: 75763] "POST /api/v1/cafe/ HTTP/1.1" 201 392
[WARNING 09/May/2023 13:02:02,993 pid: 75763] "POST /api/v1/cafe/ HTTP/1.1" 400 45
[INFO 09/May/2023 13:02:04,396 pid: 75763] "POST /api/v1/cafe/ HTTP/1.1" 201 382
[INFO 09/May/2023 13:02:05,622 pid: 75763] "POST /api/v1/cafe/ HTTP/1.1" 201 410
[INFO 09/May/2023 13:02:07,358 pid: 75763] "POST /api/v1/cafe/ HTTP/1.1" 201 465
[INFO 09/May/2023 13:02:08,801 pid: 75763] "POST /api/v1/cafe/ HTTP/1.1" 201 399
[INFO 09/May/2023 13:02:10,021 pid: 75763] "POST /api/v1/cafe/ HTTP/1.1" 201 394
[INFO 09/May/2023 13:02:11,256 pid: 75763] "POST /api/v1/cafe/ HTTP/1.1" 201 389
[INFO 09/May/2023 13:02:13,075 pid: 75763] "POST /api/v1/cafe/ HTTP/1.1" 201 373
[INFO 09/May/2023 13:02:14,311 pid: 75763] "POST /api/v1/cafe/ HTTP/1.1" 201 381
[INFO 09/May/2023 13:02:15,657 pid: 75763] "POST /api/v1/cafe/ HTTP/1.1" 201 418
[INFO 09/May/2023 13:02:16,853 pid: 75763] "POST /api/v1/cafe/ HTTP/1.1" 201 351
[INFO 09/May/2023 13:02:18,144 pid: 75763] "POST /api/v1/cafe/ HTTP/1.1" 201 342
[INFO 09/May/2023 13:02:19,496 pid: 75763] "POST /api/v1/cafe/ HTTP/1.1" 201 389
[INFO 09/May/2023 13:02:20,802 pid: 75763] "POST /api/v1/cafe/ HTTP/1.1" 201 399
[INFO 09/May/2023 13:02:22,000 pid: 75763] "POST /api/v1/cafe/ HTTP/1.1" 201 427
[INFO 09/May/2023 13:02:23,214 pid: 75763] "POST /api/v1/cafe/ HTTP/1.1" 201 405
[INFO 09/May/2023 13:02:24,457 pid: 75763] "POST /api/v1/cafe/ HTTP/1.1" 201 484
[INFO 09/May/2023 13:02:25,652 pid: 75763] "POST /api/v1/cafe/ HTTP/1.1" 201 378
[INFO 09/May/2023 13:02:26,866 pid: 75763] "POST /api/v1/cafe/ HTTP/1.1" 201 399
[INFO 09/May/2023 13:02:28,098 pid: 75763] "POST /api/v1/cafe/ HTTP/1.1" 201 432
[INFO 09/May/2023 13:02:29,384 pid: 75763] "POST /api/v1/cafe/ HTTP/1.1" 201 445
[INFO 09/May/2023 13:02:30,684 pid: 75763] "POST /api/v1/cafe/ HTTP/1.1" 201 386
[INFO 09/May/2023 13:02:31,874 pid: 75763] "POST /api/v1/cafe/ HTTP/1.1" 201 344
[INFO 09/May/2023 13:02:33,062 pid: 75763] "POST /api/v1/cafe/ HTTP/1.1" 201 389
[INFO 09/May/2023 13:02:34,428 pid: 75763] "POST /api/v1/cafe/ HTTP/1.1" 201 345
[INFO 09/May/2023 13:02:35,668 pid: 75763] "POST /api/v1/cafe/ HTTP/1.1" 201 442
[WARNING 09/May/2023 13:02:36,701 pid: 75763] "POST /api/v1/cafe/ HTTP/1.1" 400 45
[INFO 09/May/2023 13:02:38,066 pid: 75763] "POST /api/v1/cafe/ HTTP/1.1" 201 374
[INFO 09/May/2023 13:02:39,425 pid: 75763] "POST /api/v1/cafe/ HTTP/1.1" 201 466
[INFO 09/May/2023 13:02:40,639 pid: 75763] "POST /api/v1/cafe/ HTTP/1.1" 201 346
[INFO 09/May/2023 13:02:41,902 pid: 75763] "POST /api/v1/cafe/ HTTP/1.1" 201 338
[WARNING 09/May/2023 13:02:42,942 pid: 75763] "POST /api/v1/cafe/ HTTP/1.1" 400 45
[INFO 09/May/2023 13:02:44,174 pid: 75763] "POST /api/v1/cafe/ HTTP/1.1" 201 339
[WARNING 09/May/2023 13:02:45,204 pid: 75763] "POST /api/v1/cafe/ HTTP/1.1" 400 45
[INFO 09/May/2023 13:02:46,448 pid: 75763] "POST /api/v1/cafe/ HTTP/1.1" 201 381
[INFO 09/May/2023 13:02:47,965 pid: 75763] "POST /api/v1/cafe/ HTTP/1.1" 201 345
[INFO 09/May/2023 13:02:49,343 pid: 75763] "POST /api/v1/cafe/ HTTP/1.1" 201 353
[WARNING 09/May/2023 13:02:50,372 pid: 75763] "POST /api/v1/cafe/ HTTP/1.1" 400 45
[WARNING 09/May/2023 13:02:51,412 pid: 75763] "POST /api/v1/cafe/ HTTP/1.1" 400 45
[INFO 09/May/2023 13:02:52,638 pid: 75763] "POST /api/v1/cafe/ HTTP/1.1" 201 379
[WARNING 09/May/2023 13:02:53,663 pid: 75763] "POST /api/v1/cafe/ HTTP/1.1" 400 45
[WARNING 09/May/2023 13:02:54,694 pid: 75763] "POST /api/v1/cafe/ HTTP/1.1" 400 45
[INFO 09/May/2023 13:02:56,018 pid: 75763] "POST /api/v1/cafe/ HTTP/1.1" 201 413
[INFO 09/May/2023 13:02:57,204 pid: 75763] "POST /api/v1/cafe/ HTTP/1.1" 201 334
[WARNING 09/May/2023 13:02:58,246 pid: 75763] "POST /api/v1/cafe/ HTTP/1.1" 400 45
[WARNING 09/May/2023 13:02:59,305 pid: 75763] "POST /api/v1/cafe/ HTTP/1.1" 400 45
[INFO 09/May/2023 13:03:00,548 pid: 75763] "POST /api/v1/cafe/ HTTP/1.1" 201 443
[WARNING 09/May/2023 13:03:01,581 pid: 75763] "POST /api/v1/cafe/ HTTP/1.1" 400 45
[WARNING 09/May/2023 13:03:02,617 pid: 75763] "POST /api/v1/cafe/ HTTP/1.1" 400 45
[WARNING 09/May/2023 13:03:03,659 pid: 75763] "POST /api/v1/cafe/ HTTP/1.1" 400 45
[WARNING 09/May/2023 13:03:04,682 pid: 75763] "POST /api/v1/cafe/ HTTP/1.1" 400 45
[WARNING 09/May/2023 13:03:05,720 pid: 75763] "POST /api/v1/cafe/ HTTP/1.1" 400 45
[WARNING 09/May/2023 13:03:06,751 pid: 75763] "POST /api/v1/cafe/ HTTP/1.1" 400 45
[WARNING 09/May/2023 13:03:07,793 pid: 75763] "POST /api/v1/cafe/ HTTP/1.1" 400 45
[WARNING 09/May/2023 13:03:08,840 pid: 75763] "POST /api/v1/cafe/ HTTP/1.1" 400 45
[WARNING 09/May/2023 13:03:09,888 pid: 75763] "POST /api/v1/cafe/ HTTP/1.1" 400 45
[WARNING 09/May/2023 13:03:10,965 pid: 75763] "POST /api/v1/cafe/ HTTP/1.1" 400 45
[WARNING 09/May/2023 13:03:12,019 pid: 75763] "POST /api/v1/cafe/ HTTP/1.1" 400 45
[WARNING 09/May/2023 13:03:13,089 pid: 75763] "POST /api/v1/cafe/ HTTP/1.1" 400 45
[WARNING 09/May/2023 13:03:14,139 pid: 75763] "POST /api/v1/cafe/ HTTP/1.1" 400 45
[WARNING 09/May/2023 13:03:16,093 pid: 75763] "POST /api/v1/cafe/ HTTP/1.1" 400 45
[WARNING 09/May/2023 13:03:17,125 pid: 75763] "POST /api/v1/cafe/ HTTP/1.1" 400 45
[WARNING 09/May/2023 13:03:18,134 pid: 75763] "POST /api/v1/cafe/ HTTP/1.1" 400 45
[WARNING 09/May/2023 13:03:19,178 pid: 75763] "POST /api/v1/cafe/ HTTP/1.1" 400 45
[WARNING 09/May/2023 13:03:20,240 pid: 75763] "POST /api/v1/cafe/ HTTP/1.1" 400 45
[WARNING 09/May/2023 13:03:21,292 pid: 75763] "POST /api/v1/cafe/ HTTP/1.1" 400 45
[WARNING 09/May/2023 13:03:22,338 pid: 75763] "POST /api/v1/cafe/ HTTP/1.1" 400 45
[INFO 09/May/2023 13:03:23,572 pid: 75763] "POST /api/v1/cafe/ HTTP/1.1" 201 324
[INFO 09/May/2023 13:03:24,773 pid: 75763] "POST /api/v1/cafe/ HTTP/1.1" 201 377
[INFO 09/May/2023 13:03:26,026 pid: 75763] "POST /api/v1/cafe/ HTTP/1.1" 201 421
[INFO 09/May/2023 13:03:27,261 pid: 75763] "POST /api/v1/cafe/ HTTP/1.1" 201 425
[WARNING 09/May/2023 13:03:28,316 pid: 75763] "POST /api/v1/cafe/ HTTP/1.1" 400 45
[INFO 09/May/2023 13:03:29,557 pid: 75763] "POST /api/v1/cafe/ HTTP/1.1" 201 371
[WARNING 09/May/2023 13:03:30,602 pid: 75763] "POST /api/v1/cafe/ HTTP/1.1" 400 45
[WARNING 09/May/2023 13:03:31,657 pid: 75763] "POST /api/v1/cafe/ HTTP/1.1" 400 45
[WARNING 09/May/2023 13:03:32,704 pid: 75763] "POST /api/v1/cafe/ HTTP/1.1" 400 45
[WARNING 09/May/2023 13:03:33,756 pid: 75763] "POST /api/v1/cafe/ HTTP/1.1" 400 45
[WARNING 09/May/2023 13:03:34,808 pid: 75763] "POST /api/v1/cafe/ HTTP/1.1" 400 45
[INFO 09/May/2023 13:03:36,072 pid: 75763] "POST /api/v1/cafe/ HTTP/1.1" 201 382
[INFO 09/May/2023 13:03:37,567 pid: 75763] "POST /api/v1/cafe/ HTTP/1.1" 201 341
[INFO 09/May/2023 13:03:38,812 pid: 75763] "POST /api/v1/cafe/ HTTP/1.1" 201 410
[WARNING 09/May/2023 13:03:39,850 pid: 75763] "POST /api/v1/cafe/ HTTP/1.1" 400 45
[INFO 09/May/2023 13:03:41,116 pid: 75763] "POST /api/v1/cafe/ HTTP/1.1" 201 371
[WARNING 09/May/2023 13:03:42,171 pid: 75763] "POST /api/v1/cafe/ HTTP/1.1" 400 45
[INFO 09/May/2023 13:03:43,798 pid: 75763] "POST /api/v1/cafe/ HTTP/1.1" 201 389
[INFO 09/May/2023 13:03:45,051 pid: 75763] "POST /api/v1/cafe/ HTTP/1.1" 201 384
[INFO 09/May/2023 13:03:46,569 pid: 75763] "POST /api/v1/cafe/ HTTP/1.1" 201 388
[INFO 09/May/2023 13:03:48,047 pid: 75763] "POST /api/v1/cafe/ HTTP/1.1" 201 424
[INFO 09/May/2023 13:03:49,542 pid: 75763] "POST /api/v1/cafe/ HTTP/1.1" 201 404
[INFO 09/May/2023 13:03:50,848 pid: 75763] "POST /api/v1/cafe/ HTTP/1.1" 201 409
[INFO 09/May/2023 13:03:52,143 pid: 75763] "POST /api/v1/cafe/ HTTP/1.1" 201 336
[INFO 09/May/2023 13:03:53,393 pid: 75763] "POST /api/v1/cafe/ HTTP/1.1" 201 344
[INFO 09/May/2023 13:03:54,701 pid: 75763] "POST /api/v1/cafe/ HTTP/1.1" 201 396
[INFO 09/May/2023 13:03:56,051 pid: 75763] "POST /api/v1/cafe/ HTTP/1.1" 201 386
[INFO 09/May/2023 13:03:57,309 pid: 75763] "POST /api/v1/cafe/ HTTP/1.1" 201 309
[INFO 09/May/2023 13:03:58,562 pid: 75763] "POST /api/v1/cafe/ HTTP/1.1" 201 359
[INFO 09/May/2023 13:03:59,849 pid: 75763] "POST /api/v1/cafe/ HTTP/1.1" 201 419
[INFO 09/May/2023 13:04:01,148 pid: 75763] "POST /api/v1/cafe/ HTTP/1.1" 201 359
[INFO 09/May/2023 13:04:02,525 pid: 75763] "POST /api/v1/cafe/ HTTP/1.1" 201 340
[INFO 09/May/2023 13:04:03,874 pid: 75763] "POST /api/v1/cafe/ HTTP/1.1" 201 378
[INFO 09/May/2023 13:04:05,182 pid: 75763] "POST /api/v1/cafe/ HTTP/1.1" 201 480
[INFO 09/May/2023 13:04:06,832 pid: 75763] "POST /api/v1/cafe/ HTTP/1.1" 201 348
[INFO 09/May/2023 13:04:08,040 pid: 75763] "POST /api/v1/cafe/ HTTP/1.1" 201 427
[INFO 09/May/2023 13:04:09,349 pid: 75763] "POST /api/v1/cafe/ HTTP/1.1" 201 395
[INFO 09/May/2023 13:04:10,594 pid: 75763] "POST /api/v1/cafe/ HTTP/1.1" 201 366
[INFO 09/May/2023 13:04:11,884 pid: 75763] "POST /api/v1/cafe/ HTTP/1.1" 201 393
[INFO 09/May/2023 13:04:13,257 pid: 75763] "POST /api/v1/cafe/ HTTP/1.1" 201 331
[INFO 09/May/2023 13:04:14,577 pid: 75763] "POST /api/v1/cafe/ HTTP/1.1" 201 379
[INFO 09/May/2023 13:04:15,912 pid: 75763] "POST /api/v1/cafe/ HTTP/1.1" 201 402
[INFO 09/May/2023 13:04:17,148 pid: 75763] "POST /api/v1/cafe/ HTTP/1.1" 201 393
[INFO 09/May/2023 13:04:18,298 pid: 75763] "POST /api/v1/cafe/ HTTP/1.1" 201 346
[INFO 09/May/2023 13:04:19,492 pid: 75763] "POST /api/v1/cafe/ HTTP/1.1" 201 378
[INFO 09/May/2023 13:04:20,640 pid: 75763] "POST /api/v1/cafe/ HTTP/1.1" 201 351
[INFO 09/May/2023 13:04:22,002 pid: 75763] "POST /api/v1/cafe/ HTTP/1.1" 201 358
[WARNING 09/May/2023 13:04:23,039 pid: 75763] "POST /api/v1/cafe/ HTTP/1.1" 400 45
[INFO 09/May/2023 13:04:24,233 pid: 75763] "POST /api/v1/cafe/ HTTP/1.1" 201 374
[ERROR 09/May/2023 13:04:25,499 pid: 75763] "POST /api/v1/cafe/ HTTP/1.1" 500 284715
[INFO 09/May/2023 13:04:26,733 pid: 75763] "POST /api/v1/cafe/ HTTP/1.1" 201 333
[INFO 09/May/2023 13:04:27,962 pid: 75763] "POST /api/v1/cafe/ HTTP/1.1" 201 381
[INFO 09/May/2023 13:04:29,272 pid: 75763] "POST /api/v1/cafe/ HTTP/1.1" 201 441
[INFO 09/May/2023 13:04:30,654 pid: 75763] "POST /api/v1/cafe/ HTTP/1.1" 201 341
[INFO 09/May/2023 13:04:31,971 pid: 75763] "POST /api/v1/cafe/ HTTP/1.1" 201 360
[INFO 09/May/2023 13:04:33,438 pid: 75763] "POST /api/v1/cafe/ HTTP/1.1" 201 350
[INFO 09/May/2023 13:04:34,648 pid: 75763] "POST /api/v1/cafe/ HTTP/1.1" 201 375
[INFO 09/May/2023 13:04:36,089 pid: 75763] "POST /api/v1/cafe/ HTTP/1.1" 201 285
[INFO 09/May/2023 13:04:37,306 pid: 75763] "POST /api/v1/cafe/ HTTP/1.1" 201 354
[INFO 09/May/2023 13:04:38,590 pid: 75763] "POST /api/v1/cafe/ HTTP/1.1" 201 360
[INFO 09/May/2023 13:04:40,205 pid: 75763] "POST /api/v1/cafe/ HTTP/1.1" 201 399
[INFO 09/May/2023 13:04:41,415 pid: 75763] "POST /api/v1/cafe/ HTTP/1.1" 201 353
[INFO 09/May/2023 13:04:42,609 pid: 75763] "POST /api/v1/cafe/ HTTP/1.1" 201 351
[INFO 09/May/2023 13:04:44,095 pid: 75763] "POST /api/v1/cafe/ HTTP/1.1" 201 357
[INFO 09/May/2023 13:04:45,719 pid: 75763] "POST /api/v1/cafe/ HTTP/1.1" 201 385
[INFO 09/May/2023 13:04:46,998 pid: 75763] "POST /api/v1/cafe/ HTTP/1.1" 201 458
[INFO 09/May/2023 13:04:48,280 pid: 75763] "POST /api/v1/cafe/ HTTP/1.1" 201 454
[INFO 09/May/2023 13:04:49,461 pid: 75763] "POST /api/v1/cafe/ HTTP/1.1" 201 355
[INFO 09/May/2023 13:04:50,650 pid: 75763] "POST /api/v1/cafe/ HTTP/1.1" 201 381
[INFO 09/May/2023 13:04:51,832 pid: 75763] "POST /api/v1/cafe/ HTTP/1.1" 201 392
[INFO 09/May/2023 13:04:53,024 pid: 75763] "POST /api/v1/cafe/ HTTP/1.1" 201 373
[INFO 09/May/2023 13:04:54,224 pid: 75763] "POST /api/v1/cafe/ HTTP/1.1" 201 379
[INFO 09/May/2023 13:04:55,480 pid: 75763] "POST /api/v1/cafe/ HTTP/1.1" 201 379
[INFO 09/May/2023 13:04:56,689 pid: 75763] "POST /api/v1/cafe/ HTTP/1.1" 201 327
[WARNING 09/May/2023 13:04:57,718 pid: 75763] "POST /api/v1/cafe/ HTTP/1.1" 400 45
[WARNING 09/May/2023 13:04:58,734 pid: 75763] "POST /api/v1/cafe/ HTTP/1.1" 400 45
[INFO 09/May/2023 13:04:59,941 pid: 75763] "POST /api/v1/cafe/ HTTP/1.1" 201 375
[INFO 09/May/2023 13:05:01,203 pid: 75763] "POST /api/v1/cafe/ HTTP/1.1" 201 359
[INFO 09/May/2023 13:05:02,404 pid: 75763] "POST /api/v1/cafe/ HTTP/1.1" 201 413
[INFO 09/May/2023 13:05:03,657 pid: 75763] "POST /api/v1/cafe/ HTTP/1.1" 201 348
[INFO 09/May/2023 13:05:04,862 pid: 75763] "POST /api/v1/cafe/ HTTP/1.1" 201 389
[INFO 09/May/2023 13:05:06,115 pid: 75763] "POST /api/v1/cafe/ HTTP/1.1" 201 330
[INFO 09/May/2023 13:05:07,370 pid: 75763] "POST /api/v1/cafe/ HTTP/1.1" 201 397
[INFO 09/May/2023 13:05:08,581 pid: 75763] "POST /api/v1/cafe/ HTTP/1.1" 201 460
[INFO 09/May/2023 13:05:09,794 pid: 75763] "POST /api/v1/cafe/ HTTP/1.1" 201 349
[INFO 09/May/2023 13:05:11,024 pid: 75763] "POST /api/v1/cafe/ HTTP/1.1" 201 379
[INFO 09/May/2023 13:05:12,202 pid: 75763] "POST /api/v1/cafe/ HTTP/1.1" 201 412
[INFO 09/May/2023 13:05:13,467 pid: 75763] "POST /api/v1/cafe/ HTTP/1.1" 201 372
[INFO 09/May/2023 13:05:14,796 pid: 75763] "POST /api/v1/cafe/ HTTP/1.1" 201 369
[INFO 09/May/2023 13:05:16,043 pid: 75763] "POST /api/v1/cafe/ HTTP/1.1" 201 382
[INFO 09/May/2023 13:05:17,250 pid: 75763] "POST /api/v1/cafe/ HTTP/1.1" 201 351
[INFO 09/May/2023 13:05:18,520 pid: 75763] "POST /api/v1/cafe/ HTTP/1.1" 201 423
[INFO 09/May/2023 13:05:19,802 pid: 75763] "POST /api/v1/cafe/ HTTP/1.1" 201 412
[INFO 09/May/2023 13:05:21,592 pid: 75763] "POST /api/v1/cafe/ HTTP/1.1" 201 405
[INFO 09/May/2023 13:05:22,875 pid: 75763] "POST /api/v1/cafe/ HTTP/1.1" 201 365
[INFO 09/May/2023 13:05:24,139 pid: 75763] "POST /api/v1/cafe/ HTTP/1.1" 201 323
[INFO 09/May/2023 13:05:25,397 pid: 75763] "POST /api/v1/cafe/ HTTP/1.1" 201 343
[INFO 09/May/2023 13:05:26,740 pid: 75763] "POST /api/v1/cafe/ HTTP/1.1" 201 382
[INFO 09/May/2023 13:05:28,162 pid: 75763] "POST /api/v1/cafe/ HTTP/1.1" 201 350
[INFO 09/May/2023 13:05:29,429 pid: 75763] "POST /api/v1/cafe/ HTTP/1.1" 201 348
[INFO 09/May/2023 13:05:30,652 pid: 75763] "POST /api/v1/cafe/ HTTP/1.1" 201 342
[INFO 09/May/2023 13:05:31,818 pid: 75763] "POST /api/v1/cafe/ HTTP/1.1" 201 384
[INFO 09/May/2023 13:05:32,972 pid: 75763] "POST /api/v1/cafe/ HTTP/1.1" 201 390
[INFO 09/May/2023 13:05:34,321 pid: 75763] "POST /api/v1/cafe/ HTTP/1.1" 201 335
[INFO 09/May/2023 13:05:35,563 pid: 75763] "POST /api/v1/cafe/ HTTP/1.1" 201 338
[INFO 09/May/2023 13:05:36,890 pid: 75763] "POST /api/v1/cafe/ HTTP/1.1" 201 354
[INFO 09/May/2023 13:05:38,149 pid: 75763] "POST /api/v1/cafe/ HTTP/1.1" 201 344
[INFO 09/May/2023 13:05:39,395 pid: 75763] "POST /api/v1/cafe/ HTTP/1.1" 201 396
[INFO 09/May/2023 13:05:40,621 pid: 75763] "POST /api/v1/cafe/ HTTP/1.1" 201 296
[INFO 09/May/2023 13:05:41,782 pid: 75763] "POST /api/v1/cafe/ HTTP/1.1" 201 351
[INFO 09/May/2023 13:05:42,928 pid: 75763] "POST /api/v1/cafe/ HTTP/1.1" 201 421
[INFO 09/May/2023 13:05:44,143 pid: 75763] "POST /api/v1/cafe/ HTTP/1.1" 201 382
[INFO 09/May/2023 13:05:45,318 pid: 75763] "POST /api/v1/cafe/ HTTP/1.1" 201 327
[INFO 09/May/2023 13:05:46,526 pid: 75763] "POST /api/v1/cafe/ HTTP/1.1" 201 387
[INFO 09/May/2023 13:05:47,753 pid: 75763] "POST /api/v1/cafe/ HTTP/1.1" 201 326
[INFO 09/May/2023 13:05:48,954 pid: 75763] "POST /api/v1/cafe/ HTTP/1.1" 201 379
[INFO 09/May/2023 13:05:50,131 pid: 75763] "POST /api/v1/cafe/ HTTP/1.1" 201 413
[WARNING 09/May/2023 13:05:51,146 pid: 75763] "POST /api/v1/cafe/ HTTP/1.1" 400 45
[INFO 09/May/2023 13:05:52,504 pid: 75763] "POST /api/v1/cafe/ HTTP/1.1" 201 381
[INFO 09/May/2023 13:05:53,707 pid: 75763] "POST /api/v1/cafe/ HTTP/1.1" 201 396
[INFO 09/May/2023 13:05:54,883 pid: 75763] "POST /api/v1/cafe/ HTTP/1.1" 201 378
[WARNING 09/May/2023 13:05:55,920 pid: 75763] "POST /api/v1/cafe/ HTTP/1.1" 400 45
[INFO 09/May/2023 13:05:57,087 pid: 75763] "POST /api/v1/cafe/ HTTP/1.1" 201 340
[INFO 09/May/2023 13:05:58,291 pid: 75763] "POST /api/v1/cafe/ HTTP/1.1" 201 418
[INFO 09/May/2023 13:05:59,490 pid: 75763] "POST /api/v1/cafe/ HTTP/1.1" 201 331
[INFO 09/May/2023 13:06:00,795 pid: 75763] "POST /api/v1/cafe/ HTTP/1.1" 201 368
[INFO 09/May/2023 13:06:02,024 pid: 75763] "POST /api/v1/cafe/ HTTP/1.1" 201 375
[WARNING 09/May/2023 13:06:03,052 pid: 75763] "POST /api/v1/cafe/ HTTP/1.1" 400 45
[INFO 09/May/2023 13:06:04,275 pid: 75763] "POST /api/v1/cafe/ HTTP/1.1" 201 364
[INFO 09/May/2023 13:06:05,475 pid: 75763] "POST /api/v1/cafe/ HTTP/1.1" 201 390
[INFO 09/May/2023 13:06:06,778 pid: 75763] "POST /api/v1/cafe/ HTTP/1.1" 201 370
[INFO 09/May/2023 13:06:08,020 pid: 75763] "POST /api/v1/cafe/ HTTP/1.1" 201 362
[WARNING 09/May/2023 13:06:09,061 pid: 75763] "POST /api/v1/cafe/ HTTP/1.1" 400 45
[INFO 09/May/2023 13:06:10,287 pid: 75763] "POST /api/v1/cafe/ HTTP/1.1" 201 355
[INFO 09/May/2023 13:06:11,519 pid: 75763] "POST /api/v1/cafe/ HTTP/1.1" 201 373
[INFO 09/May/2023 13:06:12,898 pid: 75763] "POST /api/v1/cafe/ HTTP/1.1" 201 388
[INFO 09/May/2023 13:06:14,123 pid: 75763] "POST /api/v1/cafe/ HTTP/1.1" 201 348
[INFO 09/May/2023 13:06:15,326 pid: 75763] "POST /api/v1/cafe/ HTTP/1.1" 201 341
[INFO 09/May/2023 13:06:16,548 pid: 75763] "POST /api/v1/cafe/ HTTP/1.1" 201 432
[INFO 09/May/2023 13:06:17,791 pid: 75763] "POST /api/v1/cafe/ HTTP/1.1" 201 333
[INFO 09/May/2023 13:06:19,068 pid: 75763] "POST /api/v1/cafe/ HTTP/1.1" 201 353
[INFO 09/May/2023 13:06:20,369 pid: 75763] "POST /api/v1/cafe/ HTTP/1.1" 201 362
[INFO 09/May/2023 13:06:21,609 pid: 75763] "POST /api/v1/cafe/ HTTP/1.1" 201 366
[INFO 09/May/2023 13:06:22,895 pid: 75763] "POST /api/v1/cafe/ HTTP/1.1" 201 346
[INFO 09/May/2023 13:06:24,288 pid: 75763] "POST /api/v1/cafe/ HTTP/1.1" 201 374
[INFO 09/May/2023 13:06:25,525 pid: 75763] "POST /api/v1/cafe/ HTTP/1.1" 201 316
[INFO 09/May/2023 13:06:27,063 pid: 75763] "POST /api/v1/cafe/ HTTP/1.1" 201 394
[INFO 09/May/2023 13:06:28,323 pid: 75763] "POST /api/v1/cafe/ HTTP/1.1" 201 311
[WARNING 09/May/2023 13:06:29,366 pid: 75763] "POST /api/v1/cafe/ HTTP/1.1" 400 45
[INFO 09/May/2023 13:06:30,642 pid: 75763] "POST /api/v1/cafe/ HTTP/1.1" 201 401
[WARNING 09/May/2023 13:06:31,697 pid: 75763] "POST /api/v1/cafe/ HTTP/1.1" 400 45
[INFO 09/May/2023 13:06:32,950 pid: 75763] "POST /api/v1/cafe/ HTTP/1.1" 201 424
[INFO 09/May/2023 13:06:34,150 pid: 75763] "POST /api/v1/cafe/ HTTP/1.1" 201 387
[INFO 09/May/2023 13:06:35,441 pid: 75763] "POST /api/v1/cafe/ HTTP/1.1" 201 453
[INFO 09/May/2023 13:06:36,659 pid: 75763] "POST /api/v1/cafe/ HTTP/1.1" 201 334
[INFO 09/May/2023 13:06:37,915 pid: 75763] "POST /api/v1/cafe/ HTTP/1.1" 201 357
[INFO 09/May/2023 13:06:39,126 pid: 75763] "POST /api/v1/cafe/ HTTP/1.1" 201 334
[INFO 09/May/2023 13:06:40,521 pid: 75763] "POST /api/v1/cafe/ HTTP/1.1" 201 317
[WARNING 09/May/2023 13:06:41,557 pid: 75763] "POST /api/v1/cafe/ HTTP/1.1" 400 45
[INFO 09/May/2023 13:06:42,936 pid: 75763] "POST /api/v1/cafe/ HTTP/1.1" 201 372
[WARNING 09/May/2023 13:06:43,975 pid: 75763] "POST /api/v1/cafe/ HTTP/1.1" 400 45
[INFO 09/May/2023 13:06:45,265 pid: 75763] "POST /api/v1/cafe/ HTTP/1.1" 201 344
[WARNING 09/May/2023 13:06:46,303 pid: 75763] "POST /api/v1/cafe/ HTTP/1.1" 400 45
[WARNING 09/May/2023 13:06:47,353 pid: 75763] "POST /api/v1/cafe/ HTTP/1.1" 400 45
[INFO 09/May/2023 13:06:48,643 pid: 75763] "POST /api/v1/cafe/ HTTP/1.1" 201 353
[INFO 09/May/2023 13:06:49,921 pid: 75763] "POST /api/v1/cafe/ HTTP/1.1" 201 393
[INFO 09/May/2023 13:06:51,126 pid: 75763] "POST /api/v1/cafe/ HTTP/1.1" 201 416
[INFO 09/May/2023 13:06:52,348 pid: 75763] "POST /api/v1/cafe/ HTTP/1.1" 201 384
[INFO 09/May/2023 13:06:53,655 pid: 75763] "POST /api/v1/cafe/ HTTP/1.1" 201 355
[WARNING 09/May/2023 13:06:54,697 pid: 75763] "POST /api/v1/cafe/ HTTP/1.1" 400 45
[INFO 09/May/2023 13:06:55,938 pid: 75763] "POST /api/v1/cafe/ HTTP/1.1" 201 334
[INFO 09/May/2023 13:06:57,147 pid: 75763] "POST /api/v1/cafe/ HTTP/1.1" 201 302
[WARNING 09/May/2023 13:06:58,174 pid: 75763] "POST /api/v1/cafe/ HTTP/1.1" 400 45
[WARNING 09/May/2023 13:06:59,212 pid: 75763] "POST /api/v1/cafe/ HTTP/1.1" 400 45
[INFO 09/May/2023 13:07:00,433 pid: 75763] "POST /api/v1/cafe/ HTTP/1.1" 201 398
[INFO 09/May/2023 13:07:01,688 pid: 75763] "POST /api/v1/cafe/ HTTP/1.1" 201 364
[INFO 09/May/2023 13:07:03,221 pid: 75763] "POST /api/v1/cafe/ HTTP/1.1" 201 340
[WARNING 09/May/2023 13:07:04,301 pid: 75763] "POST /api/v1/cafe/ HTTP/1.1" 400 45
[WARNING 09/May/2023 13:07:05,357 pid: 75763] "POST /api/v1/cafe/ HTTP/1.1" 400 45
[INFO 09/May/2023 13:07:06,561 pid: 75763] "POST /api/v1/cafe/ HTTP/1.1" 201 332
[INFO 09/May/2023 13:07:07,812 pid: 75763] "POST /api/v1/cafe/ HTTP/1.1" 201 354
[WARNING 09/May/2023 13:07:08,853 pid: 75763] "POST /api/v1/cafe/ HTTP/1.1" 400 45
[INFO 09/May/2023 13:07:10,137 pid: 75763] "POST /api/v1/cafe/ HTTP/1.1" 201 332
[WARNING 09/May/2023 13:07:11,176 pid: 75763] "POST /api/v1/cafe/ HTTP/1.1" 400 45
[WARNING 09/May/2023 13:07:12,229 pid: 75763] "POST /api/v1/cafe/ HTTP/1.1" 400 45
[WARNING 09/May/2023 13:07:13,275 pid: 75763] "POST /api/v1/cafe/ HTTP/1.1" 400 45
[INFO 09/May/2023 13:07:14,527 pid: 75763] "POST /api/v1/cafe/ HTTP/1.1" 201 326
[INFO 09/May/2023 13:07:15,841 pid: 75763] "POST /api/v1/cafe/ HTTP/1.1" 201 310
[INFO 09/May/2023 13:07:17,054 pid: 75763] "POST /api/v1/cafe/ HTTP/1.1" 201 371
[WARNING 09/May/2023 13:07:18,101 pid: 75763] "POST /api/v1/cafe/ HTTP/1.1" 400 45
[WARNING 09/May/2023 13:07:19,153 pid: 75763] "POST /api/v1/cafe/ HTTP/1.1" 400 45
[WARNING 09/May/2023 13:07:20,206 pid: 75763] "POST /api/v1/cafe/ HTTP/1.1" 400 45
[WARNING 09/May/2023 13:07:21,252 pid: 75763] "POST /api/v1/cafe/ HTTP/1.1" 400 45
